[25/09/2018 10:56] red.casino   SETTINGS CHANGED цндчВ║щБКховх╕│шЩЯ(254039997718462464) chip name set to ЁЯеХ
[25/09/2018 10:58] red.casino   SETTINGS CHANGED цндчВ║щБКховх╕│шЩЯ(254039997718462464) chip name set to ЁЯеХ
[25/09/2018 15:20] red.casino   SETTINGS CHANGED цндчВ║щБКховх╕│шЩЯ(254039997718462464) set цндчВ║щБКховх╕│шЩЯ(254039997718462464) chip balance to 1000
[25/09/2018 15:21] red.casino   SETTINGS CHANGED цндчВ║щБКховх╕│шЩЯ(254039997718462464) цндчВ║щБКховх╕│шЩЯ set the default payday to 7 hours, 13 minutes, and 20 seconds.
[25/09/2018 15:21] red.casino   SETTINGS CHANGED цндчВ║щБКховх╕│шЩЯ(254039997718462464) цндчВ║щБКховх╕│шЩЯ set the default payday to 250 ЁЯеХ chips.
[25/09/2018 15:48] red.casino   SETTINGS CHANGED цндчВ║щБКховх╕│шЩЯ(254039997718462464) set цндчВ║щБКховх╕│шЩЯ(254039997718462464) chip balance to 1000
[25/09/2018 15:58] red.casino   SETTINGS CHANGED цндчВ║щБКховх╕│шЩЯ(254039997718462464) set цндчВ║щБКховх╕│шЩЯ(254039997718462464) chip balance to 1000
[25/09/2018 15:58] red.casino   SETTINGS CHANGED цндчВ║щБКховх╕│шЩЯ(254039997718462464) set цндчВ║щБКховх╕│шЩЯ(254039997718462464) chip balance to 1000
[25/09/2018 15:58] red.casino   SETTINGS CHANGED цндчВ║щБКховх╕│шЩЯ(254039997718462464) set цндчВ║щБКховх╕│шЩЯ(254039997718462464) chip balance to 1000
[25/09/2018 15:58] red.casino   SETTINGS CHANGED цндчВ║щБКховх╕│шЩЯ(254039997718462464) set цндчВ║щБКховх╕│шЩЯ(254039997718462464) chip balance to 1000
[25/09/2018 15:59] red.casino   SETTINGS CHANGED цндчВ║щБКховх╕│шЩЯ(254039997718462464) set цндчВ║щБКховх╕│шЩЯ(254039997718462464) chip balance to 1000
[25/09/2018 15:59] red.casino   SETTINGS CHANGED цндчВ║щБКховх╕│шЩЯ(254039997718462464) set цндчВ║щБКховх╕│шЩЯ(254039997718462464) chip balance to 1000
[25/09/2018 15:59] red.casino   SETTINGS CHANGED цндчВ║щБКховх╕│шЩЯ(254039997718462464) set цндчВ║щБКховх╕│шЩЯ(254039997718462464) chip balance to 1000
[25/09/2018 15:59] red.casino   SETTINGS CHANGED цндчВ║щБКховх╕│шЩЯ(254039997718462464) set цндчВ║щБКховх╕│шЩЯ(254039997718462464) chip balance to 1000
[25/09/2018 15:59] red.casino   SETTINGS CHANGED цндчВ║щБКховх╕│шЩЯ(254039997718462464) set цндчВ║щБКховх╕│шЩЯ(254039997718462464) chip balance to 1000
[25/09/2018 15:59] red.casino   SETTINGS CHANGED цндчВ║щБКховх╕│шЩЯ(254039997718462464) set цндчВ║щБКховх╕│шЩЯ(254039997718462464) chip balance to 1000
[25/09/2018 15:59] red.casino   SETTINGS CHANGED цндчВ║щБКховх╕│шЩЯ(254039997718462464) set цндчВ║щБКховх╕│шЩЯ(254039997718462464) chip balance to 1000
[25/09/2018 16:00] red.casino   SETTINGS CHANGED цндчВ║щБКховх╕│шЩЯ(254039997718462464) set цндчВ║щБКховх╕│шЩЯ(254039997718462464) chip balance to 1000
[25/09/2018 16:00] red.casino   SETTINGS CHANGED цндчВ║щБКховх╕│шЩЯ(254039997718462464) set цндчВ║щБКховх╕│шЩЯ(254039997718462464) chip balance to 1000
[25/09/2018 16:00] red.casino   SETTINGS CHANGED цндчВ║щБКховх╕│шЩЯ(254039997718462464) set цндчВ║щБКховх╕│шЩЯ(254039997718462464) chip balance to 1000
[25/09/2018 16:00] red.casino   SETTINGS CHANGED цндчВ║щБКховх╕│шЩЯ(254039997718462464) set цндчВ║щБКховх╕│шЩЯ(254039997718462464) chip balance to 1000
[25/09/2018 16:00] red.casino   SETTINGS CHANGED цндчВ║щБКховх╕│шЩЯ(254039997718462464) set цндчВ║щБКховх╕│шЩЯ(254039997718462464) chip balance to 100000000000
[25/09/2018 16:29] red.casino   SETTINGS CHANGED цндчВ║щБКховх╕│шЩЯ(254039997718462464) set цндчВ║щБКховх╕│шЩЯ(254039997718462464) chip balance to 10000
[25/09/2018 16:33] red.casino   цндчВ║щБКховх╕│шЩЯ(254039997718462464) transferred ЁЯеХ 10 to bostondoomgx2002(204466139105984512).
[26/09/2018 07:21] red.casino   SETTINGS CHANGED цндчВ║щБКховх╕│шЩЯ(254039997718462464) set цндчВ║щБКховх╕│шЩЯ(254039997718462464) chip balance to 1
[26/09/2018 20:23] red.casino   SETTINGS CHANGED цндчВ║щБКховх╕│шЩЯ(254039997718462464) set цндчВ║щБКховх╕│шЩЯ(254039997718462464) chip balance to 1000
[26/09/2018 20:23] red.casino   SETTINGS CHANGED цндчВ║щБКховх╕│шЩЯ(254039997718462464) set цндчВ║щБКховх╕│шЩЯ(254039997718462464) chip balance to 10000
[26/09/2018 20:23] red.casino   SETTINGS CHANGED цндчВ║щБКховх╕│шЩЯ(254039997718462464) set цндчВ║щБКховх╕│шЩЯ(254039997718462464) chip balance to 10000
[26/09/2018 20:25] red.casino   SETTINGS CHANGED цндчВ║щБКховх╕│шЩЯ(254039997718462464) set цндчВ║щБКховх╕│шЩЯ(254039997718462464) chip balance to 10000
[26/09/2018 20:25] red.casino   SETTINGS CHANGED цндчВ║щБКховх╕│шЩЯ(254039997718462464) set цндчВ║щБКховх╕│шЩЯ(254039997718462464) chip balance to 10000
[26/09/2018 20:25] red.casino   SETTINGS CHANGED цндчВ║щБКховх╕│шЩЯ(254039997718462464) set цндчВ║щБКховх╕│шЩЯ(254039997718462464) chip balance to 10000
[26/09/2018 20:25] red.casino   SETTINGS CHANGED цндчВ║щБКховх╕│шЩЯ(254039997718462464) set цндчВ║щБКховх╕│шЩЯ(254039997718462464) chip balance to 10000
[26/09/2018 20:26] red.casino   SETTINGS CHANGED цндчВ║щБКховх╕│шЩЯ(254039997718462464) set цндчВ║щБКховх╕│шЩЯ(254039997718462464) chip balance to 10000
[26/09/2018 20:26] red.casino   SETTINGS CHANGED цндчВ║щБКховх╕│шЩЯ(254039997718462464) set цндчВ║щБКховх╕│шЩЯ(254039997718462464) chip balance to 10000
[26/09/2018 20:41] red.casino   SETTINGS CHANGED цндчВ║щБКховх╕│шЩЯ(254039997718462464) set цндчВ║щБКховх╕│шЩЯ(254039997718462464) chip balance to 10000
[26/09/2018 20:43] red.casino   SETTINGS CHANGED цндчВ║щБКховх╕│шЩЯ(254039997718462464) set цндчВ║щБКховх╕│шЩЯ(254039997718462464) chip balance to 10000
[26/09/2018 20:43] red.casino   SETTINGS CHANGED цндчВ║щБКховх╕│шЩЯ(254039997718462464) set цндчВ║щБКховх╕│шЩЯ(254039997718462464) chip balance to 10000
[26/09/2018 20:44] red.casino   SETTINGS CHANGED цндчВ║щБКховх╕│шЩЯ(254039997718462464) set цндчВ║щБКховх╕│шЩЯ(254039997718462464) chip balance to 10000
[26/09/2018 20:48] red.casino   SETTINGS CHANGED цндчВ║щБКховх╕│шЩЯ(254039997718462464) set цндчВ║щБКховх╕│шЩЯ(254039997718462464) chip balance to 10000
[26/09/2018 20:49] red.casino   SETTINGS CHANGED цндчВ║щБКховх╕│шЩЯ(254039997718462464) set цндчВ║щБКховх╕│шЩЯ(254039997718462464) chip balance to 10000
[26/09/2018 20:49] red.casino   SETTINGS CHANGED цндчВ║щБКховх╕│шЩЯ(254039997718462464) set цндчВ║щБКховх╕│шЩЯ(254039997718462464) chip balance to 10000
[26/09/2018 20:50] red.casino   SETTINGS CHANGED цндчВ║щБКховх╕│шЩЯ(254039997718462464) set цндчВ║щБКховх╕│шЩЯ(254039997718462464) chip balance to 10000
[26/09/2018 21:08] red.casino   SETTINGS CHANGED цндчВ║щБКховх╕│шЩЯ(254039997718462464) set цндчВ║щБКховх╕│шЩЯ(254039997718462464) chip balance to 10000
[26/09/2018 23:30] red.casino   цндчВ║щБКховх╕│шЩЯ(254039997718462464) changed the chip rate to 1.0
[26/09/2018 23:30] red.casino   цндчВ║щБКховх╕│шЩЯ(254039997718462464) changed the chip rate to 100.0
[28/09/2018 16:58] red.casino   SETTINGS CHANGED цндчВ║щБКховх╕│шЩЯ(254039997718462464) changed the credit rate to 1.0
[28/09/2018 16:58] red.casino   SETTINGS CHANGED цндчВ║щБКховх╕│шЩЯ(254039997718462464) changed the credit rate to 100.0
[28/09/2018 16:58] red.casino   SETTINGS CHANGED цндчВ║щБКховх╕│шЩЯ(254039997718462464) changed the credit rate to 1.0
[28/09/2018 16:59] red.casino   SETTINGS CHANGED цндчВ║щБКховх╕│шЩЯ(254039997718462464) changed the credit rate to 100.0
[28/09/2018 16:59] red.casino   SETTINGS CHANGED цндчВ║щБКховх╕│шЩЯ(254039997718462464) changed the credit rate to 1.0
[28/09/2018 16:59] red.casino   цндчВ║щБКховх╕│шЩЯ(254039997718462464) changed the chip rate to 100.0
